#
# There is insufficient memory for the Java Runtime Environment to continue.
# Native memory allocation (malloc) failed to allocate 1048576 bytes for AllocateHeap
# Possible reasons:
#   The system is out of physical RAM or swap space
#   The process is running with CompressedOops enabled, and the Java Heap may be blocking the growth of the native heap
# Possible solutions:
#   Reduce memory load on the system
#   Increase physical memory or swap space
#   Check if swap backing store is full
#   Decrease Java heap size (-Xmx/-Xms)
#   Decrease number of Java threads
#   Decrease Java thread stack sizes (-Xss)
#   Set larger code cache with -XX:ReservedCodeCacheSize=
#   JVM is running with Zero Based Compressed Oops mode in which the Java heap is
#     placed in the first 32GB address space. The Java Heap base address is the
#     maximum limit for the native heap growth. Please use -XX:HeapBaseMinAddress
#     to set the Java Heap base and to place the Java Heap above 32GB virtual address.
# This output file may be truncated or incomplete.
#
#  Out of Memory Error (memory/allocation.inline.hpp:61), pid=5524, tid=0x0000000000001e94
#
# JRE version:  (8.0_221-b11) (build )
# Java VM: Java HotSpot(TM) 64-Bit Server VM (25.221-b11 mixed mode windows-amd64 compressed oops)
# Failed to write core dump. Minidumps are not enabled by default on client versions of Windows
#

---------------  T H R E A D  ---------------

Current thread (0x0000000002416000):  JavaThread "Unknown thread" [_thread_in_vm, id=7828, stack(0x0000000002260000,0x0000000002360000)]

Stack: [0x0000000002260000,0x0000000002360000]
[error occurred during error reporting (printing stack bounds), id 0xc0000005]

Native frames: (J=compiled Java code, j=interpreted, Vv=VM code, C=native code)


---------------  P R O C E S S  ---------------

Java Threads: ( => current thread )

Other Threads:

=>0x0000000002416000 (exited) JavaThread "Unknown thread" [_thread_in_vm, id=7828, stack(0x0000000002260000,0x0000000002360000)]

VM state:not at safepoint (normal execution)

VM Mutex/Monitor currently owned by a thread: None

heap address: 0x0000000701a00000, size: 3046 MB, Compressed Oops mode: Zero based, Oop shift amount: 3
Narrow klass base: 0x0000000000000000, Narrow klass shift: 3
Compressed class space size: 1073741824 Address: 0x00000007c0000000

Heap:
 PSYoungGen      total 2048K, used 30K [0x0000000780900000, 0x0000000780b80000, 0x00000007c0000000)
  eden space 1536K, 2% used [0x0000000780900000,0x0000000780907af0,0x0000000780a80000)
  from space 512K, 0% used [0x0000000780b00000,0x0000000780b00000,0x0000000780b80000)
  to   space 512K, 0% used [0x0000000780a80000,0x0000000780a80000,0x0000000780b00000)
 ParOldGen       total 5632K, used 0K [0x0000000701a00000, 0x0000000701f80000, 0x0000000780900000)
  object space 5632K, 0% used [0x0000000701a00000,0x0000000701a00000,0x0000000701f80000)
 Metaspace       used 786K, capacity 1156K, committed 1408K, reserved 1060864K
  class space    used 76K, capacity 384K, committed 384K, reserved 1048576K

Card table byte_map: [0x00000000119b0000,0x0000000011fb0000] byte_map_base: 0x000000000e1a3000

Marking Bits: (ParMarkBitMap*) 0x0000000077385ce0
 Begin Bits: [0x00000000127b0000, 0x0000000015748000)
 End Bits:   [0x0000000015748000, 0x00000000186e0000)

Polling page: 0x0000000000570000

CodeCache: size=245760Kb used=328Kb max_used=328Kb free=245431Kb
 bounds [0x00000000025f0000, 0x0000000002860000, 0x00000000115f0000]
 total_blobs=58 nmethods=0 adapters=38
 compilation: enabled

Compilation events (0 events):
No events

GC Heap History (0 events):
No events

Deoptimization events (0 events):
No events

Classes redefined (0 events):
No events

Internal exceptions (0 events):
No events

Events (10 events):
Event: 0.304 loading class java/lang/Short
Event: 0.304 loading class java/lang/Short done
Event: 0.304 loading class java/lang/Integer
Event: 0.305 loading class java/lang/Integer done
Event: 0.305 loading class java/lang/Long
Event: 0.306 loading class java/lang/Long done
Event: 0.331 loading class java/lang/NullPointerException
Event: 0.331 loading class java/lang/NullPointerException done
Event: 0.331 loading class java/lang/ArithmeticException
Event: 0.331 loading class java/lang/ArithmeticException done


Dynamic libraries:
0x00007ff6f5990000 - 0x00007ff6f5997000 	C:\Program Files\Java\jdk1.8.0_221\bin\javac.exe
0x00007ff90ccf0000 - 0x00007ff90cedd000 	C:\WINDOWS\SYSTEM32\ntdll.dll
0x00007ff90c6e0000 - 0x00007ff90c793000 	C:\WINDOWS\System32\KERNEL32.DLL
0x00007ff909010000 - 0x00007ff9092a3000 	C:\WINDOWS\System32\KERNELBASE.dll
0x00007ff8fcf80000 - 0x00007ff8fcfaf000 	C:\Program Files\Java\jdk1.8.0_221\bin\jli.dll
0x00007ff90aa70000 - 0x00007ff90ab13000 	C:\WINDOWS\System32\ADVAPI32.dll
0x00007ff90ab20000 - 0x00007ff90abbe000 	C:\WINDOWS\System32\msvcrt.dll
0x0000000076a80000 - 0x0000000076b52000 	C:\Program Files\Java\jdk1.8.0_221\bin\MSVCR100.dll
0x00007ff90cc10000 - 0x00007ff90ccae000 	C:\WINDOWS\System32\sechost.dll
0x00007ff909f10000 - 0x00007ff90a032000 	C:\WINDOWS\System32\RPCRT4.dll
0x00007ff90ca70000 - 0x00007ff90cc07000 	C:\WINDOWS\System32\USER32.dll
0x00007ff909ef0000 - 0x00007ff909f10000 	C:\WINDOWS\System32\win32u.dll
0x00007ff90ad30000 - 0x00007ff90ad59000 	C:\WINDOWS\System32\GDI32.dll
0x00007ff8f89d0000 - 0x00007ff8f8c49000 	C:\WINDOWS\WinSxS\amd64_microsoft.windows.common-controls_6595b64144ccf1df_6.0.17763.914_none_05b346b2072102f2\COMCTL32.dll
0x00007ff909520000 - 0x00007ff9096b9000 	C:\WINDOWS\System32\gdi32full.dll
0x00007ff90a490000 - 0x00007ff90a7bc000 	C:\WINDOWS\System32\combase.dll
0x00007ff9092b0000 - 0x00007ff909350000 	C:\WINDOWS\System32\msvcp_win.dll
0x00007ff909420000 - 0x00007ff90951a000 	C:\WINDOWS\System32\ucrtbase.dll
0x00007ff9093a0000 - 0x00007ff90941e000 	C:\WINDOWS\System32\bcryptPrimitives.dll
0x00007ff90a3e0000 - 0x00007ff90a40e000 	C:\WINDOWS\System32\IMM32.DLL
0x0000000077410000 - 0x00000000774e2000 	C:\Program Files\Java\jdk1.8.0_221\jre\bin\msvcr100.dll
0x0000000076b60000 - 0x0000000077405000 	C:\Program Files\Java\jdk1.8.0_221\jre\bin\server\jvm.dll
0x00007ff90ccb0000 - 0x00007ff90ccb8000 	C:\WINDOWS\System32\PSAPI.DLL
0x00007ff905a40000 - 0x00007ff905a64000 	C:\WINDOWS\SYSTEM32\WINMM.dll
0x00007ff9000d0000 - 0x00007ff9000da000 	C:\WINDOWS\SYSTEM32\VERSION.dll
0x00007ff905a10000 - 0x00007ff905a3d000 	C:\WINDOWS\SYSTEM32\WINMMBASE.dll
0x00007ff909350000 - 0x00007ff90939a000 	C:\WINDOWS\System32\cfgmgr32.dll
0x00007ff8ffbc0000 - 0x00007ff8ffbc9000 	C:\WINDOWS\SYSTEM32\WSOCK32.dll
0x00007ff90ca00000 - 0x00007ff90ca6d000 	C:\WINDOWS\System32\WS2_32.dll
0x00007ff904fe0000 - 0x00007ff904fef000 	C:\Program Files\Java\jdk1.8.0_221\jre\bin\verify.dll
0x00007ff8ffc50000 - 0x00007ff8ffc79000 	C:\Program Files\Java\jdk1.8.0_221\jre\bin\java.dll
0x00007ff900310000 - 0x00007ff900326000 	C:\Program Files\Java\jdk1.8.0_221\jre\bin\zip.dll

VM Arguments:
jvm_args: -Denv.class.path=.; -Dapplication.home=C:\Program Files\Java\jdk1.8.0_221 -Xms8m 
java_command: com.sun.tools.javac.Main -d C:\Users\guilh\Desktop\Aula web 2\build\web\WEB-INF\classes -classpath C:\Users\guilh\Desktop\Aula web 2\build\web\WEB-INF\classes;C:\Program Files\NetBeans-11.1\netbeans\java\modules\ext\eclipselink\org.eclipse.persistence.core-2.5.2.jar;C:\Program Files\NetBeans-11.1\netbeans\java\modules\ext\eclipselink\org.eclipse.persistence.asm-2.5.2.jar;C:\Program Files\NetBeans-11.1\netbeans\java\modules\ext\eclipselink\org.eclipse.persistence.antlr-2.5.2.jar;C:\Program Files\NetBeans-11.1\netbeans\java\modules\ext\eclipselink\org.eclipse.persistence.jpa-2.5.2.jar;C:\Program Files\NetBeans-11.1\netbeans\java\modules\ext\eclipselink\org.eclipse.persistence.jpa.jpql-2.5.2.jar;C:\Program Files\NetBeans-11.1\netbeans\java\modules\ext\eclipselink\javax.persistence-2.1.0.jar;C:\Program Files\NetBeans-11.1\netbeans\ide\modules\ext\postgresql-42.2.5.jar;C:\Users\guilh\GlassFish_Server1\glassfish\modules\jakarta.inject.jar;C:\Users\guilh\GlassFish_Server1\glassfish\modules\jakarta.transaction-api.jar;C:\Users\guilh\GlassFish_Server1\glassfish\modules\jakarta.interceptor-api.jar;C:\Users\guilh\GlassFish_Server\glassfish\modules\endorsed\grizzly-npn-bootstrap.jar;C:\Users\guilh\GlassFish_Server\glassfish\modules\endorsed\javax.annotation-api.jar;C:\Users\guilh\GlassFish_Server\glassfish\modules\endorsed\jaxb-api.jar;C:\Users\guilh\GlassFish_Server\glassfish\modules\endorsed\webservices-api-osgi.jar;C:\Users\guilh\GlassFish_Server\glassfish\modules\bean-validator.jar;C:\Users\guilh\GlassFish_Server\glassfish\modules\cdi-api.jar;C:\Users\guilh\GlassFish_Server\glassfish\modules\javax.batch-api.jar;C:\Users\guilh\GlassFish_Server\glassfish\modules\javax.ejb-api.jar;C:\Users\guilh\GlassFish_Server\glassfish\modules\javax.el.jar;C:\Users\guilh\GlassFish_Server\glassfish\modules\javax.enterprise.concurrent-api.jar;C:\Users\guilh\GlassFish_Server\glassfish\modules\javax.enterprise.concurrent.jar;C:\Users\guilh\GlassFish_Server\glassfish\modules\java
java_class_path (initial): C:\Program Files\Java\jdk1.8.0_221/lib/tools.jar;C:\Program Files\Java\jdk1.8.0_221/classes
Launcher Type: SUN_STANDARD

Environment Variables:
JAVA_HOME=C:\Program Files\Java\jdk1.8.0_221
CLASSPATH=.;
PATH=C:\ProgramData\DockerDesktop\version-bin;C:\Program Files\Docker\Docker\Resources\bin;C:\Python27\;C:\Python27\Scripts;C:\Program Files (x86)\Common Files\Oracle\Java\javapath;C:\ProgramData\Oracle\Java\javapath;C:\WINDOWS\system32;C:\WINDOWS;C:\WINDOWS\System32\Wbem;C:\WINDOWS\System32\WindowsPowerShell\v1.0\;C:\WINDOWS\System32\OpenSSH\;C:\Program Files\Java\jdk1.8.0_101\bin;C:\Program Files\Microsoft SQL Server\Client SDK\ODBC\130\Tools\Binn\;C:\Program Files (x86)\Microsoft SQL Server\140\Tools\Binn\;C:\Program Files\Microsoft SQL Server\140\Tools\Binn\;C:\Program Files\Microsoft SQL Server\140\DTS\Binn\;C:\Program Files (x86)\Microsoft SQL Server\Client SDK\ODBC\130\Tools\Binn\;C:\Program Files (x86)\Microsoft SQL Server\140\DTS\Binn\;C:\Program Files (x86)\Microsoft SQL Server\140\Tools\Binn\ManagementStudio\;C:\Program Files\Git\cmd;C:\ProgramData\chocolatey\bin;C:\Program Files\nodejs\;C:\Program Files\Java\jdk1.8.0_221\bin;C:\Android-Sdk\platform-tools;C:\Android-Sdk\tools;C:\Users\guilh\AppData\Local\Microsoft\WindowsApps;C:\Users\guilh\AppData\Local\Programs\Microsoft VS Code\bin;C:\Users\guilh\AppData\Roaming\npm;C:\Users\guilh\AppData\Local\GitHubDesktop\bin
USERNAME=guilh
OS=Windows_NT
PROCESSOR_IDENTIFIER=Intel64 Family 6 Model 78 Stepping 3, GenuineIntel



---------------  S Y S T E M  ---------------

OS: Windows 10.0 , 64 bit Build 17763 (10.0.17763.475)

CPU:total 4 (initial active 4) (2 cores per cpu, 2 threads per core) family 6 model 78 stepping 3, cmov, cx8, fxsr, mmx, sse, sse2, sse3, ssse3, sse4.1, sse4.2, popcnt, avx, avx2, aes, clmul, erms, 3dnowpref, lzcnt, ht, tsc, tscinvbit, bmi1, bmi2, adx

Memory: 4k page, physical 12472140k(1188060k free), swap 12472140k(5480k free)

vm_info: Java HotSpot(TM) 64-Bit Server VM (25.221-b11) for windows-amd64 JRE (1.8.0_221-b11), built on Jul  4 2019 04:39:29 by "java_re" with MS VC++ 10.0 (VS2010)

time: Tue Jan 07 11:53:36 2020
timezone: Hora oficial do Brasil
elapsed time: 0 seconds (0d 0h 0m 0s)

